[2018-07-23 18:07:38] production.ERROR: Symfony\Component\Debug\Exception\FatalThrowableError: Class 'Memcached' not found in /var/www/html/unittesting/vendor/illuminate/cache/MemcachedConnector.php:69
Stack trace:
#0 /var/www/html/unittesting/vendor/illuminate/cache/MemcachedConnector.php(48): Illuminate\Cache\MemcachedConnector->createMemcachedInstance(NULL)
#1 /var/www/html/unittesting/vendor/illuminate/cache/MemcachedConnector.php(21): Illuminate\Cache\MemcachedConnector->getMemcached(NULL, Array, Array)
#2 /var/www/html/unittesting/vendor/illuminate/cache/CacheManager.php(171): Illuminate\Cache\MemcachedConnector->connect(Array, NULL, Array, Array)
#3 /var/www/html/unittesting/vendor/illuminate/cache/CacheManager.php(105): Illuminate\Cache\CacheManager->createMemcachedDriver(Array)
#4 /var/www/html/unittesting/vendor/illuminate/cache/CacheManager.php(80): Illuminate\Cache\CacheManager->resolve('memcached')
#5 /var/www/html/unittesting/vendor/illuminate/cache/CacheManager.php(58): Illuminate\Cache\CacheManager->get('memcached')
#6 /var/www/html/unittesting/vendor/illuminate/cache/CacheManager.php(69): Illuminate\Cache\CacheManager->store('memcached')
#7 /var/www/html/unittesting/vendor/illuminate/cache/CacheServiceProvider.php(28): Illuminate\Cache\CacheManager->driver()
#8 /var/www/html/unittesting/vendor/illuminate/container/Container.php(764): Illuminate\Cache\CacheServiceProvider->Illuminate\Cache\{closure}(Object(Laravel\Lumen\Application), Array)
#9 /var/www/html/unittesting/vendor/illuminate/container/Container.php(646): Illuminate\Container\Container->build(Object(Closure))
#10 /var/www/html/unittesting/vendor/illuminate/container/Container.php(601): Illuminate\Container\Container->resolve('cache.store', Array)
#11 /var/www/html/unittesting/vendor/laravel/lumen-framework/src/Application.php(223): Illuminate\Container\Container->make('cache.store', Array)
#12 /var/www/html/unittesting/vendor/illuminate/container/Container.php(1210): Laravel\Lumen\Application->make('cache.store')
#13 /var/www/html/unittesting/vendor/laravel/lumen-framework/src/Console/Kernel.php(98): Illuminate\Container\Container->offsetGet('Illuminate\\Cont...')
#14 /var/www/html/unittesting/vendor/laravel/lumen-framework/src/Console/Kernel.php(61): Laravel\Lumen\Console\Kernel->defineConsoleSchedule()
#15 [internal function]: Laravel\Lumen\Console\Kernel->__construct(Object(Laravel\Lumen\Application))
#16 /var/www/html/unittesting/vendor/illuminate/container/Container.php(800): ReflectionClass->newInstanceArgs(Array)
#17 /var/www/html/unittesting/vendor/illuminate/container/Container.php(646): Illuminate\Container\Container->build('App\\Console\\Ker...')
#18 /var/www/html/unittesting/vendor/illuminate/container/Container.php(601): Illuminate\Container\Container->resolve('App\\Console\\Ker...', Array)
#19 /var/www/html/unittesting/vendor/laravel/lumen-framework/src/Application.php(223): Illuminate\Container\Container->make('App\\Console\\Ker...', Array)
#20 /var/www/html/unittesting/vendor/illuminate/container/Container.php(256): Laravel\Lumen\Application->make('App\\Console\\Ker...', Array)
#21 /var/www/html/unittesting/vendor/illuminate/container/Container.php(764): Illuminate\Container\Container->Illuminate\Container\{closure}(Object(Laravel\Lumen\Application), Array)
#22 /var/www/html/unittesting/vendor/illuminate/container/Container.php(646): Illuminate\Container\Container->build(Object(Closure))
#23 /var/www/html/unittesting/vendor/illuminate/container/Container.php(601): Illuminate\Container\Container->resolve('Illuminate\\Cont...', Array)
#24 /var/www/html/unittesting/vendor/laravel/lumen-framework/src/Application.php(223): Illuminate\Container\Container->make('Illuminate\\Cont...', Array)
#25 /var/www/html/unittesting/artisan(32): Laravel\Lumen\Application->make('Illuminate\\Cont...')
#26 {main} {"exception":"[object] (Symfony\\Component\\Debug\\Exception\\FatalThrowableError(code: 0): Class 'Memcached' not found at /var/www/html/unittesting/vendor/illuminate/cache/MemcachedConnector.php:69)
[stacktrace]
#0 /var/www/html/unittesting/vendor/illuminate/cache/MemcachedConnector.php(48): Illuminate\\Cache\\MemcachedConnector->createMemcachedInstance(NULL)
#1 /var/www/html/unittesting/vendor/illuminate/cache/MemcachedConnector.php(21): Illuminate\\Cache\\MemcachedConnector->getMemcached(NULL, Array, Array)
#2 /var/www/html/unittesting/vendor/illuminate/cache/CacheManager.php(171): Illuminate\\Cache\\MemcachedConnector->connect(Array, NULL, Array, Array)
#3 /var/www/html/unittesting/vendor/illuminate/cache/CacheManager.php(105): Illuminate\\Cache\\CacheManager->createMemcachedDriver(Array)
#4 /var/www/html/unittesting/vendor/illuminate/cache/CacheManager.php(80): Illuminate\\Cache\\CacheManager->resolve('memcached')
#5 /var/www/html/unittesting/vendor/illuminate/cache/CacheManager.php(58): Illuminate\\Cache\\CacheManager->get('memcached')
#6 /var/www/html/unittesting/vendor/illuminate/cache/CacheManager.php(69): Illuminate\\Cache\\CacheManager->store('memcached')
#7 /var/www/html/unittesting/vendor/illuminate/cache/CacheServiceProvider.php(28): Illuminate\\Cache\\CacheManager->driver()
#8 /var/www/html/unittesting/vendor/illuminate/container/Container.php(764): Illuminate\\Cache\\CacheServiceProvider->Illuminate\\Cache\\{closure}(Object(Laravel\\Lumen\\Application), Array)
#9 /var/www/html/unittesting/vendor/illuminate/container/Container.php(646): Illuminate\\Container\\Container->build(Object(Closure))
#10 /var/www/html/unittesting/vendor/illuminate/container/Container.php(601): Illuminate\\Container\\Container->resolve('cache.store', Array)
#11 /var/www/html/unittesting/vendor/laravel/lumen-framework/src/Application.php(223): Illuminate\\Container\\Container->make('cache.store', Array)
#12 /var/www/html/unittesting/vendor/illuminate/container/Container.php(1210): Laravel\\Lumen\\Application->make('cache.store')
#13 /var/www/html/unittesting/vendor/laravel/lumen-framework/src/Console/Kernel.php(98): Illuminate\\Container\\Container->offsetGet('Illuminate\\\\Cont...')
#14 /var/www/html/unittesting/vendor/laravel/lumen-framework/src/Console/Kernel.php(61): Laravel\\Lumen\\Console\\Kernel->defineConsoleSchedule()
#15 [internal function]: Laravel\\Lumen\\Console\\Kernel->__construct(Object(Laravel\\Lumen\\Application))
#16 /var/www/html/unittesting/vendor/illuminate/container/Container.php(800): ReflectionClass->newInstanceArgs(Array)
#17 /var/www/html/unittesting/vendor/illuminate/container/Container.php(646): Illuminate\\Container\\Container->build('App\\\\Console\\\\Ker...')
#18 /var/www/html/unittesting/vendor/illuminate/container/Container.php(601): Illuminate\\Container\\Container->resolve('App\\\\Console\\\\Ker...', Array)
#19 /var/www/html/unittesting/vendor/laravel/lumen-framework/src/Application.php(223): Illuminate\\Container\\Container->make('App\\\\Console\\\\Ker...', Array)
#20 /var/www/html/unittesting/vendor/illuminate/container/Container.php(256): Laravel\\Lumen\\Application->make('App\\\\Console\\\\Ker...', Array)
#21 /var/www/html/unittesting/vendor/illuminate/container/Container.php(764): Illuminate\\Container\\Container->Illuminate\\Container\\{closure}(Object(Laravel\\Lumen\\Application), Array)
#22 /var/www/html/unittesting/vendor/illuminate/container/Container.php(646): Illuminate\\Container\\Container->build(Object(Closure))
#23 /var/www/html/unittesting/vendor/illuminate/container/Container.php(601): Illuminate\\Container\\Container->resolve('Illuminate\\\\Cont...', Array)
#24 /var/www/html/unittesting/vendor/laravel/lumen-framework/src/Application.php(223): Illuminate\\Container\\Container->make('Illuminate\\\\Cont...', Array)
#25 /var/www/html/unittesting/artisan(32): Laravel\\Lumen\\Application->make('Illuminate\\\\Cont...')
#26 {main}
"} 
[2018-07-23 12:39:55] local.ERROR: PDOException: could not find driver in /var/www/html/unittesting/vendor/illuminate/database/Connectors/Connector.php:68
Stack trace:
#0 /var/www/html/unittesting/vendor/illuminate/database/Connectors/Connector.php(68): PDO->__construct('mysql:host=127....', 'root', 'root', Array)
#1 /var/www/html/unittesting/vendor/illuminate/database/Connectors/Connector.php(44): Illuminate\Database\Connectors\Connector->createPdoConnection('mysql:host=127....', 'root', 'root', Array)
#2 /var/www/html/unittesting/vendor/illuminate/database/Connectors/MySqlConnector.php(24): Illuminate\Database\Connectors\Connector->createConnection('mysql:host=127....', Array, Array)
#3 /var/www/html/unittesting/vendor/illuminate/database/Connectors/ConnectionFactory.php(182): Illuminate\Database\Connectors\MySqlConnector->connect(Array)
#4 [internal function]: Illuminate\Database\Connectors\ConnectionFactory->Illuminate\Database\Connectors\{closure}()
#5 /var/www/html/unittesting/vendor/illuminate/database/Connection.php(915): call_user_func(Object(Closure))
#6 /var/www/html/unittesting/vendor/illuminate/database/Connection.php(940): Illuminate\Database\Connection->getPdo()
#7 /var/www/html/unittesting/vendor/illuminate/database/Connection.php(399): Illuminate\Database\Connection->getReadPdo()
#8 /var/www/html/unittesting/vendor/illuminate/database/Connection.php(325): Illuminate\Database\Connection->getPdoForSelect(true)
#9 /var/www/html/unittesting/vendor/illuminate/database/Connection.php(657): Illuminate\Database\Connection->Illuminate\Database\{closure}('select * from i...', Array)
#10 /var/www/html/unittesting/vendor/illuminate/database/Connection.php(624): Illuminate\Database\Connection->runQueryCallback('select * from i...', Array, Object(Closure))
#11 /var/www/html/unittesting/vendor/illuminate/database/Connection.php(333): Illuminate\Database\Connection->run('select * from i...', Array, Object(Closure))
#12 /var/www/html/unittesting/vendor/illuminate/database/Schema/MySqlBuilder.php(18): Illuminate\Database\Connection->select('select * from i...', Array)
#13 /var/www/html/unittesting/vendor/illuminate/database/Migrations/DatabaseMigrationRepository.php(169): Illuminate\Database\Schema\MySqlBuilder->hasTable('migrations')
#14 /var/www/html/unittesting/vendor/illuminate/database/Migrations/Migrator.php(555): Illuminate\Database\Migrations\DatabaseMigrationRepository->repositoryExists()
#15 /var/www/html/unittesting/vendor/illuminate/database/Console/Migrations/MigrateCommand.php(97): Illuminate\Database\Migrations\Migrator->repositoryExists()
#16 /var/www/html/unittesting/vendor/illuminate/database/Console/Migrations/MigrateCommand.php(63): Illuminate\Database\Console\Migrations\MigrateCommand->prepareDatabase()
#17 [internal function]: Illuminate\Database\Console\Migrations\MigrateCommand->handle()
#18 /var/www/html/unittesting/vendor/illuminate/container/BoundMethod.php(29): call_user_func_array(Array, Array)
#19 /var/www/html/unittesting/vendor/illuminate/container/BoundMethod.php(87): Illuminate\Container\BoundMethod::Illuminate\Container\{closure}()
#20 /var/www/html/unittesting/vendor/illuminate/container/BoundMethod.php(31): Illuminate\Container\BoundMethod::callBoundMethod(Object(Laravel\Lumen\Application), Array, Object(Closure))
#21 /var/www/html/unittesting/vendor/illuminate/container/Container.php(564): Illuminate\Container\BoundMethod::call(Object(Laravel\Lumen\Application), Array, Array, NULL)
#22 /var/www/html/unittesting/vendor/illuminate/console/Command.php(184): Illuminate\Container\Container->call(Array)
#23 /var/www/html/unittesting/vendor/symfony/console/Command/Command.php(251): Illuminate\Console\Command->execute(Object(Symfony\Component\Console\Input\ArgvInput), Object(Illuminate\Console\OutputStyle))
#24 /var/www/html/unittesting/vendor/illuminate/console/Command.php(171): Symfony\Component\Console\Command\Command->run(Object(Symfony\Component\Console\Input\ArgvInput), Object(Illuminate\Console\OutputStyle))
#25 /var/www/html/unittesting/vendor/symfony/console/Application.php(886): Illuminate\Console\Command->run(Object(Symfony\Component\Console\Input\ArgvInput), Object(Symfony\Component\Console\Output\ConsoleOutput))
#26 /var/www/html/unittesting/vendor/symfony/console/Application.php(262): Symfony\Component\Console\Application->doRunCommand(Object(Illuminate\Database\Console\Migrations\MigrateCommand), Object(Symfony\Component\Console\Input\ArgvInput), Object(Symfony\Component\Console\Output\ConsoleOutput))
#27 /var/www/html/unittesting/vendor/symfony/console/Application.php(145): Symfony\Component\Console\Application->doRun(Object(Symfony\Component\Console\Input\ArgvInput), Object(Symfony\Component\Console\Output\ConsoleOutput))
#28 /var/www/html/unittesting/vendor/illuminate/console/Application.php(89): Symfony\Component\Console\Application->run(Object(Symfony\Component\Console\Input\ArgvInput), Object(Symfony\Component\Console\Output\ConsoleOutput))
#29 /var/www/html/unittesting/vendor/laravel/lumen-framework/src/Console/Kernel.php(114): Illuminate\Console\Application->run(Object(Symfony\Component\Console\Input\ArgvInput), Object(Symfony\Component\Console\Output\ConsoleOutput))
#30 /var/www/html/unittesting/artisan(35): Laravel\Lumen\Console\Kernel->handle(Object(Symfony\Component\Console\Input\ArgvInput), Object(Symfony\Component\Console\Output\ConsoleOutput))
#31 {main}

Next Illuminate\Database\QueryException: could not find driver (SQL: select * from information_schema.tables where table_schema = unittesting and table_name = migrations) in /var/www/html/unittesting/vendor/illuminate/database/Connection.php:664
Stack trace:
#0 /var/www/html/unittesting/vendor/illuminate/database/Connection.php(624): Illuminate\Database\Connection->runQueryCallback('select * from i...', Array, Object(Closure))
#1 /var/www/html/unittesting/vendor/illuminate/database/Connection.php(333): Illuminate\Database\Connection->run('select * from i...', Array, Object(Closure))
#2 /var/www/html/unittesting/vendor/illuminate/database/Schema/MySqlBuilder.php(18): Illuminate\Database\Connection->select('select * from i...', Array)
#3 /var/www/html/unittesting/vendor/illuminate/database/Migrations/DatabaseMigrationRepository.php(169): Illuminate\Database\Schema\MySqlBuilder->hasTable('migrations')
#4 /var/www/html/unittesting/vendor/illuminate/database/Migrations/Migrator.php(555): Illuminate\Database\Migrations\DatabaseMigrationRepository->repositoryExists()
#5 /var/www/html/unittesting/vendor/illuminate/database/Console/Migrations/MigrateCommand.php(97): Illuminate\Database\Migrations\Migrator->repositoryExists()
#6 /var/www/html/unittesting/vendor/illuminate/database/Console/Migrations/MigrateCommand.php(63): Illuminate\Database\Console\Migrations\MigrateCommand->prepareDatabase()
#7 [internal function]: Illuminate\Database\Console\Migrations\MigrateCommand->handle()
#8 /var/www/html/unittesting/vendor/illuminate/container/BoundMethod.php(29): call_user_func_array(Array, Array)
#9 /var/www/html/unittesting/vendor/illuminate/container/BoundMethod.php(87): Illuminate\Container\BoundMethod::Illuminate\Container\{closure}()
#10 /var/www/html/unittesting/vendor/illuminate/container/BoundMethod.php(31): Illuminate\Container\BoundMethod::callBoundMethod(Object(Laravel\Lumen\Application), Array, Object(Closure))
#11 /var/www/html/unittesting/vendor/illuminate/container/Container.php(564): Illuminate\Container\BoundMethod::call(Object(Laravel\Lumen\Application), Array, Array, NULL)
#12 /var/www/html/unittesting/vendor/illuminate/console/Command.php(184): Illuminate\Container\Container->call(Array)
#13 /var/www/html/unittesting/vendor/symfony/console/Command/Command.php(251): Illuminate\Console\Command->execute(Object(Symfony\Component\Console\Input\ArgvInput), Object(Illuminate\Console\OutputStyle))
#14 /var/www/html/unittesting/vendor/illuminate/console/Command.php(171): Symfony\Component\Console\Command\Command->run(Object(Symfony\Component\Console\Input\ArgvInput), Object(Illuminate\Console\OutputStyle))
#15 /var/www/html/unittesting/vendor/symfony/console/Application.php(886): Illuminate\Console\Command->run(Object(Symfony\Component\Console\Input\ArgvInput), Object(Symfony\Component\Console\Output\ConsoleOutput))
#16 /var/www/html/unittesting/vendor/symfony/console/Application.php(262): Symfony\Component\Console\Application->doRunCommand(Object(Illuminate\Database\Console\Migrations\MigrateCommand), Object(Symfony\Component\Console\Input\ArgvInput), Object(Symfony\Component\Console\Output\ConsoleOutput))
#17 /var/www/html/unittesting/vendor/symfony/console/Application.php(145): Symfony\Component\Console\Application->doRun(Object(Symfony\Component\Console\Input\ArgvInput), Object(Symfony\Component\Console\Output\ConsoleOutput))
#18 /var/www/html/unittesting/vendor/illuminate/console/Application.php(89): Symfony\Component\Console\Application->run(Object(Symfony\Component\Console\Input\ArgvInput), Object(Symfony\Component\Console\Output\ConsoleOutput))
#19 /var/www/html/unittesting/vendor/laravel/lumen-framework/src/Console/Kernel.php(114): Illuminate\Console\Application->run(Object(Symfony\Component\Console\Input\ArgvInput), Object(Symfony\Component\Console\Output\ConsoleOutput))
#20 /var/www/html/unittesting/artisan(35): Laravel\Lumen\Console\Kernel->handle(Object(Symfony\Component\Console\Input\ArgvInput), Object(Symfony\Component\Console\Output\ConsoleOutput))
#21 {main} {"exception":"[object] (Illuminate\\Database\\QueryException(code: 0): could not find driver (SQL: select * from information_schema.tables where table_schema = unittesting and table_name = migrations) at /var/www/html/unittesting/vendor/illuminate/database/Connection.php:664, PDOException(code: 0): could not find driver at /var/www/html/unittesting/vendor/illuminate/database/Connectors/Connector.php:68)
[stacktrace]
#0 /var/www/html/unittesting/vendor/illuminate/database/Connection.php(624): Illuminate\\Database\\Connection->runQueryCallback('select * from i...', Array, Object(Closure))
#1 /var/www/html/unittesting/vendor/illuminate/database/Connection.php(333): Illuminate\\Database\\Connection->run('select * from i...', Array, Object(Closure))
#2 /var/www/html/unittesting/vendor/illuminate/database/Schema/MySqlBuilder.php(18): Illuminate\\Database\\Connection->select('select * from i...', Array)
#3 /var/www/html/unittesting/vendor/illuminate/database/Migrations/DatabaseMigrationRepository.php(169): Illuminate\\Database\\Schema\\MySqlBuilder->hasTable('migrations')
#4 /var/www/html/unittesting/vendor/illuminate/database/Migrations/Migrator.php(555): Illuminate\\Database\\Migrations\\DatabaseMigrationRepository->repositoryExists()
#5 /var/www/html/unittesting/vendor/illuminate/database/Console/Migrations/MigrateCommand.php(97): Illuminate\\Database\\Migrations\\Migrator->repositoryExists()
#6 /var/www/html/unittesting/vendor/illuminate/database/Console/Migrations/MigrateCommand.php(63): Illuminate\\Database\\Console\\Migrations\\MigrateCommand->prepareDatabase()
#7 [internal function]: Illuminate\\Database\\Console\\Migrations\\MigrateCommand->handle()
#8 /var/www/html/unittesting/vendor/illuminate/container/BoundMethod.php(29): call_user_func_array(Array, Array)
#9 /var/www/html/unittesting/vendor/illuminate/container/BoundMethod.php(87): Illuminate\\Container\\BoundMethod::Illuminate\\Container\\{closure}()
#10 /var/www/html/unittesting/vendor/illuminate/container/BoundMethod.php(31): Illuminate\\Container\\BoundMethod::callBoundMethod(Object(Laravel\\Lumen\\Application), Array, Object(Closure))
#11 /var/www/html/unittesting/vendor/illuminate/container/Container.php(564): Illuminate\\Container\\BoundMethod::call(Object(Laravel\\Lumen\\Application), Array, Array, NULL)
#12 /var/www/html/unittesting/vendor/illuminate/console/Command.php(184): Illuminate\\Container\\Container->call(Array)
#13 /var/www/html/unittesting/vendor/symfony/console/Command/Command.php(251): Illuminate\\Console\\Command->execute(Object(Symfony\\Component\\Console\\Input\\ArgvInput), Object(Illuminate\\Console\\OutputStyle))
#14 /var/www/html/unittesting/vendor/illuminate/console/Command.php(171): Symfony\\Component\\Console\\Command\\Command->run(Object(Symfony\\Component\\Console\\Input\\ArgvInput), Object(Illuminate\\Console\\OutputStyle))
#15 /var/www/html/unittesting/vendor/symfony/console/Application.php(886): Illuminate\\Console\\Command->run(Object(Symfony\\Component\\Console\\Input\\ArgvInput), Object(Symfony\\Component\\Console\\Output\\ConsoleOutput))
#16 /var/www/html/unittesting/vendor/symfony/console/Application.php(262): Symfony\\Component\\Console\\Application->doRunCommand(Object(Illuminate\\Database\\Console\\Migrations\\MigrateCommand), Object(Symfony\\Component\\Console\\Input\\ArgvInput), Object(Symfony\\Component\\Console\\Output\\ConsoleOutput))
#17 /var/www/html/unittesting/vendor/symfony/console/Application.php(145): Symfony\\Component\\Console\\Application->doRun(Object(Symfony\\Component\\Console\\Input\\ArgvInput), Object(Symfony\\Component\\Console\\Output\\ConsoleOutput))
#18 /var/www/html/unittesting/vendor/illuminate/console/Application.php(89): Symfony\\Component\\Console\\Application->run(Object(Symfony\\Component\\Console\\Input\\ArgvInput), Object(Symfony\\Component\\Console\\Output\\ConsoleOutput))
#19 /var/www/html/unittesting/vendor/laravel/lumen-framework/src/Console/Kernel.php(114): Illuminate\\Console\\Application->run(Object(Symfony\\Component\\Console\\Input\\ArgvInput), Object(Symfony\\Component\\Console\\Output\\ConsoleOutput))
#20 /var/www/html/unittesting/artisan(35): Laravel\\Lumen\\Console\\Kernel->handle(Object(Symfony\\Component\\Console\\Input\\ArgvInput), Object(Symfony\\Component\\Console\\Output\\ConsoleOutput))
#21 {main}
"} 
[2018-07-23 12:40:11] local.ERROR: Symfony\Component\Console\Exception\CommandNotFoundException: Command "migration" is not defined.

Did you mean one of these?
    make:migration
    migrate
    migrate:fresh
    migrate:install
    migrate:refresh
    migrate:reset
    migrate:rollback
    migrate:status in /var/www/html/unittesting/vendor/symfony/console/Application.php:632
Stack trace:
#0 /var/www/html/unittesting/vendor/symfony/console/Application.php(226): Symfony\Component\Console\Application->find('migration')
#1 /var/www/html/unittesting/vendor/symfony/console/Application.php(145): Symfony\Component\Console\Application->doRun(Object(Symfony\Component\Console\Input\ArgvInput), Object(Symfony\Component\Console\Output\ConsoleOutput))
#2 /var/www/html/unittesting/vendor/illuminate/console/Application.php(89): Symfony\Component\Console\Application->run(Object(Symfony\Component\Console\Input\ArgvInput), Object(Symfony\Component\Console\Output\ConsoleOutput))
#3 /var/www/html/unittesting/vendor/laravel/lumen-framework/src/Console/Kernel.php(114): Illuminate\Console\Application->run(Object(Symfony\Component\Console\Input\ArgvInput), Object(Symfony\Component\Console\Output\ConsoleOutput))
#4 /var/www/html/unittesting/artisan(35): Laravel\Lumen\Console\Kernel->handle(Object(Symfony\Component\Console\Input\ArgvInput), Object(Symfony\Component\Console\Output\ConsoleOutput))
#5 {main} {"exception":"[object] (Symfony\\Component\\Console\\Exception\\CommandNotFoundException(code: 0): Command \"migration\" is not defined.

Did you mean one of these?
    make:migration
    migrate
    migrate:fresh
    migrate:install
    migrate:refresh
    migrate:reset
    migrate:rollback
    migrate:status at /var/www/html/unittesting/vendor/symfony/console/Application.php:632)
[stacktrace]
#0 /var/www/html/unittesting/vendor/symfony/console/Application.php(226): Symfony\\Component\\Console\\Application->find('migration')
#1 /var/www/html/unittesting/vendor/symfony/console/Application.php(145): Symfony\\Component\\Console\\Application->doRun(Object(Symfony\\Component\\Console\\Input\\ArgvInput), Object(Symfony\\Component\\Console\\Output\\ConsoleOutput))
#2 /var/www/html/unittesting/vendor/illuminate/console/Application.php(89): Symfony\\Component\\Console\\Application->run(Object(Symfony\\Component\\Console\\Input\\ArgvInput), Object(Symfony\\Component\\Console\\Output\\ConsoleOutput))
#3 /var/www/html/unittesting/vendor/laravel/lumen-framework/src/Console/Kernel.php(114): Illuminate\\Console\\Application->run(Object(Symfony\\Component\\Console\\Input\\ArgvInput), Object(Symfony\\Component\\Console\\Output\\ConsoleOutput))
#4 /var/www/html/unittesting/artisan(35): Laravel\\Lumen\\Console\\Kernel->handle(Object(Symfony\\Component\\Console\\Input\\ArgvInput), Object(Symfony\\Component\\Console\\Output\\ConsoleOutput))
#5 {main}
"} 
[2018-07-23 12:40:19] local.ERROR: PDOException: could not find driver in /var/www/html/unittesting/vendor/illuminate/database/Connectors/Connector.php:68
Stack trace:
#0 /var/www/html/unittesting/vendor/illuminate/database/Connectors/Connector.php(68): PDO->__construct('mysql:host=127....', 'root', 'root', Array)
#1 /var/www/html/unittesting/vendor/illuminate/database/Connectors/Connector.php(44): Illuminate\Database\Connectors\Connector->createPdoConnection('mysql:host=127....', 'root', 'root', Array)
#2 /var/www/html/unittesting/vendor/illuminate/database/Connectors/MySqlConnector.php(24): Illuminate\Database\Connectors\Connector->createConnection('mysql:host=127....', Array, Array)
#3 /var/www/html/unittesting/vendor/illuminate/database/Connectors/ConnectionFactory.php(182): Illuminate\Database\Connectors\MySqlConnector->connect(Array)
#4 [internal function]: Illuminate\Database\Connectors\ConnectionFactory->Illuminate\Database\Connectors\{closure}()
#5 /var/www/html/unittesting/vendor/illuminate/database/Connection.php(915): call_user_func(Object(Closure))
#6 /var/www/html/unittesting/vendor/illuminate/database/Connection.php(940): Illuminate\Database\Connection->getPdo()
#7 /var/www/html/unittesting/vendor/illuminate/database/Connection.php(399): Illuminate\Database\Connection->getReadPdo()
#8 /var/www/html/unittesting/vendor/illuminate/database/Connection.php(325): Illuminate\Database\Connection->getPdoForSelect(true)
#9 /var/www/html/unittesting/vendor/illuminate/database/Connection.php(657): Illuminate\Database\Connection->Illuminate\Database\{closure}('select * from i...', Array)
#10 /var/www/html/unittesting/vendor/illuminate/database/Connection.php(624): Illuminate\Database\Connection->runQueryCallback('select * from i...', Array, Object(Closure))
#11 /var/www/html/unittesting/vendor/illuminate/database/Connection.php(333): Illuminate\Database\Connection->run('select * from i...', Array, Object(Closure))
#12 /var/www/html/unittesting/vendor/illuminate/database/Schema/MySqlBuilder.php(18): Illuminate\Database\Connection->select('select * from i...', Array)
#13 /var/www/html/unittesting/vendor/illuminate/database/Migrations/DatabaseMigrationRepository.php(169): Illuminate\Database\Schema\MySqlBuilder->hasTable('migrations')
#14 /var/www/html/unittesting/vendor/illuminate/database/Migrations/Migrator.php(555): Illuminate\Database\Migrations\DatabaseMigrationRepository->repositoryExists()
#15 /var/www/html/unittesting/vendor/illuminate/database/Console/Migrations/MigrateCommand.php(97): Illuminate\Database\Migrations\Migrator->repositoryExists()
#16 /var/www/html/unittesting/vendor/illuminate/database/Console/Migrations/MigrateCommand.php(63): Illuminate\Database\Console\Migrations\MigrateCommand->prepareDatabase()
#17 [internal function]: Illuminate\Database\Console\Migrations\MigrateCommand->handle()
#18 /var/www/html/unittesting/vendor/illuminate/container/BoundMethod.php(29): call_user_func_array(Array, Array)
#19 /var/www/html/unittesting/vendor/illuminate/container/BoundMethod.php(87): Illuminate\Container\BoundMethod::Illuminate\Container\{closure}()
#20 /var/www/html/unittesting/vendor/illuminate/container/BoundMethod.php(31): Illuminate\Container\BoundMethod::callBoundMethod(Object(Laravel\Lumen\Application), Array, Object(Closure))
#21 /var/www/html/unittesting/vendor/illuminate/container/Container.php(564): Illuminate\Container\BoundMethod::call(Object(Laravel\Lumen\Application), Array, Array, NULL)
#22 /var/www/html/unittesting/vendor/illuminate/console/Command.php(184): Illuminate\Container\Container->call(Array)
#23 /var/www/html/unittesting/vendor/symfony/console/Command/Command.php(251): Illuminate\Console\Command->execute(Object(Symfony\Component\Console\Input\ArgvInput), Object(Illuminate\Console\OutputStyle))
#24 /var/www/html/unittesting/vendor/illuminate/console/Command.php(171): Symfony\Component\Console\Command\Command->run(Object(Symfony\Component\Console\Input\ArgvInput), Object(Illuminate\Console\OutputStyle))
#25 /var/www/html/unittesting/vendor/symfony/console/Application.php(886): Illuminate\Console\Command->run(Object(Symfony\Component\Console\Input\ArgvInput), Object(Symfony\Component\Console\Output\ConsoleOutput))
#26 /var/www/html/unittesting/vendor/symfony/console/Application.php(262): Symfony\Component\Console\Application->doRunCommand(Object(Illuminate\Database\Console\Migrations\MigrateCommand), Object(Symfony\Component\Console\Input\ArgvInput), Object(Symfony\Component\Console\Output\ConsoleOutput))
#27 /var/www/html/unittesting/vendor/symfony/console/Application.php(145): Symfony\Component\Console\Application->doRun(Object(Symfony\Component\Console\Input\ArgvInput), Object(Symfony\Component\Console\Output\ConsoleOutput))
#28 /var/www/html/unittesting/vendor/illuminate/console/Application.php(89): Symfony\Component\Console\Application->run(Object(Symfony\Component\Console\Input\ArgvInput), Object(Symfony\Component\Console\Output\ConsoleOutput))
#29 /var/www/html/unittesting/vendor/laravel/lumen-framework/src/Console/Kernel.php(114): Illuminate\Console\Application->run(Object(Symfony\Component\Console\Input\ArgvInput), Object(Symfony\Component\Console\Output\ConsoleOutput))
#30 /var/www/html/unittesting/artisan(35): Laravel\Lumen\Console\Kernel->handle(Object(Symfony\Component\Console\Input\ArgvInput), Object(Symfony\Component\Console\Output\ConsoleOutput))
#31 {main}

Next Illuminate\Database\QueryException: could not find driver (SQL: select * from information_schema.tables where table_schema = unittesting and table_name = migrations) in /var/www/html/unittesting/vendor/illuminate/database/Connection.php:664
Stack trace:
#0 /var/www/html/unittesting/vendor/illuminate/database/Connection.php(624): Illuminate\Database\Connection->runQueryCallback('select * from i...', Array, Object(Closure))
#1 /var/www/html/unittesting/vendor/illuminate/database/Connection.php(333): Illuminate\Database\Connection->run('select * from i...', Array, Object(Closure))
#2 /var/www/html/unittesting/vendor/illuminate/database/Schema/MySqlBuilder.php(18): Illuminate\Database\Connection->select('select * from i...', Array)
#3 /var/www/html/unittesting/vendor/illuminate/database/Migrations/DatabaseMigrationRepository.php(169): Illuminate\Database\Schema\MySqlBuilder->hasTable('migrations')
#4 /var/www/html/unittesting/vendor/illuminate/database/Migrations/Migrator.php(555): Illuminate\Database\Migrations\DatabaseMigrationRepository->repositoryExists()
#5 /var/www/html/unittesting/vendor/illuminate/database/Console/Migrations/MigrateCommand.php(97): Illuminate\Database\Migrations\Migrator->repositoryExists()
#6 /var/www/html/unittesting/vendor/illuminate/database/Console/Migrations/MigrateCommand.php(63): Illuminate\Database\Console\Migrations\MigrateCommand->prepareDatabase()
#7 [internal function]: Illuminate\Database\Console\Migrations\MigrateCommand->handle()
#8 /var/www/html/unittesting/vendor/illuminate/container/BoundMethod.php(29): call_user_func_array(Array, Array)
#9 /var/www/html/unittesting/vendor/illuminate/container/BoundMethod.php(87): Illuminate\Container\BoundMethod::Illuminate\Container\{closure}()
#10 /var/www/html/unittesting/vendor/illuminate/container/BoundMethod.php(31): Illuminate\Container\BoundMethod::callBoundMethod(Object(Laravel\Lumen\Application), Array, Object(Closure))
#11 /var/www/html/unittesting/vendor/illuminate/container/Container.php(564): Illuminate\Container\BoundMethod::call(Object(Laravel\Lumen\Application), Array, Array, NULL)
#12 /var/www/html/unittesting/vendor/illuminate/console/Command.php(184): Illuminate\Container\Container->call(Array)
#13 /var/www/html/unittesting/vendor/symfony/console/Command/Command.php(251): Illuminate\Console\Command->execute(Object(Symfony\Component\Console\Input\ArgvInput), Object(Illuminate\Console\OutputStyle))
#14 /var/www/html/unittesting/vendor/illuminate/console/Command.php(171): Symfony\Component\Console\Command\Command->run(Object(Symfony\Component\Console\Input\ArgvInput), Object(Illuminate\Console\OutputStyle))
#15 /var/www/html/unittesting/vendor/symfony/console/Application.php(886): Illuminate\Console\Command->run(Object(Symfony\Component\Console\Input\ArgvInput), Object(Symfony\Component\Console\Output\ConsoleOutput))
#16 /var/www/html/unittesting/vendor/symfony/console/Application.php(262): Symfony\Component\Console\Application->doRunCommand(Object(Illuminate\Database\Console\Migrations\MigrateCommand), Object(Symfony\Component\Console\Input\ArgvInput), Object(Symfony\Component\Console\Output\ConsoleOutput))
#17 /var/www/html/unittesting/vendor/symfony/console/Application.php(145): Symfony\Component\Console\Application->doRun(Object(Symfony\Component\Console\Input\ArgvInput), Object(Symfony\Component\Console\Output\ConsoleOutput))
#18 /var/www/html/unittesting/vendor/illuminate/console/Application.php(89): Symfony\Component\Console\Application->run(Object(Symfony\Component\Console\Input\ArgvInput), Object(Symfony\Component\Console\Output\ConsoleOutput))
#19 /var/www/html/unittesting/vendor/laravel/lumen-framework/src/Console/Kernel.php(114): Illuminate\Console\Application->run(Object(Symfony\Component\Console\Input\ArgvInput), Object(Symfony\Component\Console\Output\ConsoleOutput))
#20 /var/www/html/unittesting/artisan(35): Laravel\Lumen\Console\Kernel->handle(Object(Symfony\Component\Console\Input\ArgvInput), Object(Symfony\Component\Console\Output\ConsoleOutput))
#21 {main} {"exception":"[object] (Illuminate\\Database\\QueryException(code: 0): could not find driver (SQL: select * from information_schema.tables where table_schema = unittesting and table_name = migrations) at /var/www/html/unittesting/vendor/illuminate/database/Connection.php:664, PDOException(code: 0): could not find driver at /var/www/html/unittesting/vendor/illuminate/database/Connectors/Connector.php:68)
[stacktrace]
#0 /var/www/html/unittesting/vendor/illuminate/database/Connection.php(624): Illuminate\\Database\\Connection->runQueryCallback('select * from i...', Array, Object(Closure))
#1 /var/www/html/unittesting/vendor/illuminate/database/Connection.php(333): Illuminate\\Database\\Connection->run('select * from i...', Array, Object(Closure))
#2 /var/www/html/unittesting/vendor/illuminate/database/Schema/MySqlBuilder.php(18): Illuminate\\Database\\Connection->select('select * from i...', Array)
#3 /var/www/html/unittesting/vendor/illuminate/database/Migrations/DatabaseMigrationRepository.php(169): Illuminate\\Database\\Schema\\MySqlBuilder->hasTable('migrations')
#4 /var/www/html/unittesting/vendor/illuminate/database/Migrations/Migrator.php(555): Illuminate\\Database\\Migrations\\DatabaseMigrationRepository->repositoryExists()
#5 /var/www/html/unittesting/vendor/illuminate/database/Console/Migrations/MigrateCommand.php(97): Illuminate\\Database\\Migrations\\Migrator->repositoryExists()
#6 /var/www/html/unittesting/vendor/illuminate/database/Console/Migrations/MigrateCommand.php(63): Illuminate\\Database\\Console\\Migrations\\MigrateCommand->prepareDatabase()
#7 [internal function]: Illuminate\\Database\\Console\\Migrations\\MigrateCommand->handle()
#8 /var/www/html/unittesting/vendor/illuminate/container/BoundMethod.php(29): call_user_func_array(Array, Array)
#9 /var/www/html/unittesting/vendor/illuminate/container/BoundMethod.php(87): Illuminate\\Container\\BoundMethod::Illuminate\\Container\\{closure}()
#10 /var/www/html/unittesting/vendor/illuminate/container/BoundMethod.php(31): Illuminate\\Container\\BoundMethod::callBoundMethod(Object(Laravel\\Lumen\\Application), Array, Object(Closure))
#11 /var/www/html/unittesting/vendor/illuminate/container/Container.php(564): Illuminate\\Container\\BoundMethod::call(Object(Laravel\\Lumen\\Application), Array, Array, NULL)
#12 /var/www/html/unittesting/vendor/illuminate/console/Command.php(184): Illuminate\\Container\\Container->call(Array)
#13 /var/www/html/unittesting/vendor/symfony/console/Command/Command.php(251): Illuminate\\Console\\Command->execute(Object(Symfony\\Component\\Console\\Input\\ArgvInput), Object(Illuminate\\Console\\OutputStyle))
#14 /var/www/html/unittesting/vendor/illuminate/console/Command.php(171): Symfony\\Component\\Console\\Command\\Command->run(Object(Symfony\\Component\\Console\\Input\\ArgvInput), Object(Illuminate\\Console\\OutputStyle))
#15 /var/www/html/unittesting/vendor/symfony/console/Application.php(886): Illuminate\\Console\\Command->run(Object(Symfony\\Component\\Console\\Input\\ArgvInput), Object(Symfony\\Component\\Console\\Output\\ConsoleOutput))
#16 /var/www/html/unittesting/vendor/symfony/console/Application.php(262): Symfony\\Component\\Console\\Application->doRunCommand(Object(Illuminate\\Database\\Console\\Migrations\\MigrateCommand), Object(Symfony\\Component\\Console\\Input\\ArgvInput), Object(Symfony\\Component\\Console\\Output\\ConsoleOutput))
#17 /var/www/html/unittesting/vendor/symfony/console/Application.php(145): Symfony\\Component\\Console\\Application->doRun(Object(Symfony\\Component\\Console\\Input\\ArgvInput), Object(Symfony\\Component\\Console\\Output\\ConsoleOutput))
#18 /var/www/html/unittesting/vendor/illuminate/console/Application.php(89): Symfony\\Component\\Console\\Application->run(Object(Symfony\\Component\\Console\\Input\\ArgvInput), Object(Symfony\\Component\\Console\\Output\\ConsoleOutput))
#19 /var/www/html/unittesting/vendor/laravel/lumen-framework/src/Console/Kernel.php(114): Illuminate\\Console\\Application->run(Object(Symfony\\Component\\Console\\Input\\ArgvInput), Object(Symfony\\Component\\Console\\Output\\ConsoleOutput))
#20 /var/www/html/unittesting/artisan(35): Laravel\\Lumen\\Console\\Kernel->handle(Object(Symfony\\Component\\Console\\Input\\ArgvInput), Object(Symfony\\Component\\Console\\Output\\ConsoleOutput))
#21 {main}
"} 
[2018-07-23 12:40:51] local.ERROR: Symfony\Component\Console\Exception\NamespaceNotFoundException: There are no commands defined in the "config" namespace. in /var/www/html/unittesting/vendor/symfony/console/Application.php:578
Stack trace:
#0 /var/www/html/unittesting/vendor/symfony/console/Application.php(618): Symfony\Component\Console\Application->findNamespace('config')
#1 /var/www/html/unittesting/vendor/symfony/console/Application.php(226): Symfony\Component\Console\Application->find('config:clear')
#2 /var/www/html/unittesting/vendor/symfony/console/Application.php(145): Symfony\Component\Console\Application->doRun(Object(Symfony\Component\Console\Input\ArgvInput), Object(Symfony\Component\Console\Output\ConsoleOutput))
#3 /var/www/html/unittesting/vendor/illuminate/console/Application.php(89): Symfony\Component\Console\Application->run(Object(Symfony\Component\Console\Input\ArgvInput), Object(Symfony\Component\Console\Output\ConsoleOutput))
#4 /var/www/html/unittesting/vendor/laravel/lumen-framework/src/Console/Kernel.php(114): Illuminate\Console\Application->run(Object(Symfony\Component\Console\Input\ArgvInput), Object(Symfony\Component\Console\Output\ConsoleOutput))
#5 /var/www/html/unittesting/artisan(35): Laravel\Lumen\Console\Kernel->handle(Object(Symfony\Component\Console\Input\ArgvInput), Object(Symfony\Component\Console\Output\ConsoleOutput))
#6 {main} {"exception":"[object] (Symfony\\Component\\Console\\Exception\\NamespaceNotFoundException(code: 0): There are no commands defined in the \"config\" namespace. at /var/www/html/unittesting/vendor/symfony/console/Application.php:578)
[stacktrace]
#0 /var/www/html/unittesting/vendor/symfony/console/Application.php(618): Symfony\\Component\\Console\\Application->findNamespace('config')
#1 /var/www/html/unittesting/vendor/symfony/console/Application.php(226): Symfony\\Component\\Console\\Application->find('config:clear')
#2 /var/www/html/unittesting/vendor/symfony/console/Application.php(145): Symfony\\Component\\Console\\Application->doRun(Object(Symfony\\Component\\Console\\Input\\ArgvInput), Object(Symfony\\Component\\Console\\Output\\ConsoleOutput))
#3 /var/www/html/unittesting/vendor/illuminate/console/Application.php(89): Symfony\\Component\\Console\\Application->run(Object(Symfony\\Component\\Console\\Input\\ArgvInput), Object(Symfony\\Component\\Console\\Output\\ConsoleOutput))
#4 /var/www/html/unittesting/vendor/laravel/lumen-framework/src/Console/Kernel.php(114): Illuminate\\Console\\Application->run(Object(Symfony\\Component\\Console\\Input\\ArgvInput), Object(Symfony\\Component\\Console\\Output\\ConsoleOutput))
#5 /var/www/html/unittesting/artisan(35): Laravel\\Lumen\\Console\\Kernel->handle(Object(Symfony\\Component\\Console\\Input\\ArgvInput), Object(Symfony\\Component\\Console\\Output\\ConsoleOutput))
#6 {main}
"} 
[2018-07-23 12:41:06] local.ERROR: Symfony\Component\Console\Exception\CommandNotFoundException: Command "db:migrate" is not defined.

Did you mean one of these?
    db:seed
    migrate in /var/www/html/unittesting/vendor/symfony/console/Application.php:632
Stack trace:
#0 /var/www/html/unittesting/vendor/symfony/console/Application.php(226): Symfony\Component\Console\Application->find('db:migrate')
#1 /var/www/html/unittesting/vendor/symfony/console/Application.php(145): Symfony\Component\Console\Application->doRun(Object(Symfony\Component\Console\Input\ArgvInput), Object(Symfony\Component\Console\Output\ConsoleOutput))
#2 /var/www/html/unittesting/vendor/illuminate/console/Application.php(89): Symfony\Component\Console\Application->run(Object(Symfony\Component\Console\Input\ArgvInput), Object(Symfony\Component\Console\Output\ConsoleOutput))
#3 /var/www/html/unittesting/vendor/laravel/lumen-framework/src/Console/Kernel.php(114): Illuminate\Console\Application->run(Object(Symfony\Component\Console\Input\ArgvInput), Object(Symfony\Component\Console\Output\ConsoleOutput))
#4 /var/www/html/unittesting/artisan(35): Laravel\Lumen\Console\Kernel->handle(Object(Symfony\Component\Console\Input\ArgvInput), Object(Symfony\Component\Console\Output\ConsoleOutput))
#5 {main} {"exception":"[object] (Symfony\\Component\\Console\\Exception\\CommandNotFoundException(code: 0): Command \"db:migrate\" is not defined.

Did you mean one of these?
    db:seed
    migrate at /var/www/html/unittesting/vendor/symfony/console/Application.php:632)
[stacktrace]
#0 /var/www/html/unittesting/vendor/symfony/console/Application.php(226): Symfony\\Component\\Console\\Application->find('db:migrate')
#1 /var/www/html/unittesting/vendor/symfony/console/Application.php(145): Symfony\\Component\\Console\\Application->doRun(Object(Symfony\\Component\\Console\\Input\\ArgvInput), Object(Symfony\\Component\\Console\\Output\\ConsoleOutput))
#2 /var/www/html/unittesting/vendor/illuminate/console/Application.php(89): Symfony\\Component\\Console\\Application->run(Object(Symfony\\Component\\Console\\Input\\ArgvInput), Object(Symfony\\Component\\Console\\Output\\ConsoleOutput))
#3 /var/www/html/unittesting/vendor/laravel/lumen-framework/src/Console/Kernel.php(114): Illuminate\\Console\\Application->run(Object(Symfony\\Component\\Console\\Input\\ArgvInput), Object(Symfony\\Component\\Console\\Output\\ConsoleOutput))
#4 /var/www/html/unittesting/artisan(35): Laravel\\Lumen\\Console\\Kernel->handle(Object(Symfony\\Component\\Console\\Input\\ArgvInput), Object(Symfony\\Component\\Console\\Output\\ConsoleOutput))
#5 {main}
"} 
[2018-07-23 12:41:13] local.ERROR: PDOException: could not find driver in /var/www/html/unittesting/vendor/illuminate/database/Connectors/Connector.php:68
Stack trace:
#0 /var/www/html/unittesting/vendor/illuminate/database/Connectors/Connector.php(68): PDO->__construct('mysql:host=127....', 'root', 'root', Array)
#1 /var/www/html/unittesting/vendor/illuminate/database/Connectors/Connector.php(44): Illuminate\Database\Connectors\Connector->createPdoConnection('mysql:host=127....', 'root', 'root', Array)
#2 /var/www/html/unittesting/vendor/illuminate/database/Connectors/MySqlConnector.php(24): Illuminate\Database\Connectors\Connector->createConnection('mysql:host=127....', Array, Array)
#3 /var/www/html/unittesting/vendor/illuminate/database/Connectors/ConnectionFactory.php(182): Illuminate\Database\Connectors\MySqlConnector->connect(Array)
#4 [internal function]: Illuminate\Database\Connectors\ConnectionFactory->Illuminate\Database\Connectors\{closure}()
#5 /var/www/html/unittesting/vendor/illuminate/database/Connection.php(915): call_user_func(Object(Closure))
#6 /var/www/html/unittesting/vendor/illuminate/database/Connection.php(940): Illuminate\Database\Connection->getPdo()
#7 /var/www/html/unittesting/vendor/illuminate/database/Connection.php(399): Illuminate\Database\Connection->getReadPdo()
#8 /var/www/html/unittesting/vendor/illuminate/database/Connection.php(325): Illuminate\Database\Connection->getPdoForSelect(true)
#9 /var/www/html/unittesting/vendor/illuminate/database/Connection.php(657): Illuminate\Database\Connection->Illuminate\Database\{closure}('select * from i...', Array)
#10 /var/www/html/unittesting/vendor/illuminate/database/Connection.php(624): Illuminate\Database\Connection->runQueryCallback('select * from i...', Array, Object(Closure))
#11 /var/www/html/unittesting/vendor/illuminate/database/Connection.php(333): Illuminate\Database\Connection->run('select * from i...', Array, Object(Closure))
#12 /var/www/html/unittesting/vendor/illuminate/database/Schema/MySqlBuilder.php(18): Illuminate\Database\Connection->select('select * from i...', Array)
#13 /var/www/html/unittesting/vendor/illuminate/database/Migrations/DatabaseMigrationRepository.php(169): Illuminate\Database\Schema\MySqlBuilder->hasTable('migrations')
#14 /var/www/html/unittesting/vendor/illuminate/database/Migrations/Migrator.php(555): Illuminate\Database\Migrations\DatabaseMigrationRepository->repositoryExists()
#15 /var/www/html/unittesting/vendor/illuminate/database/Console/Migrations/MigrateCommand.php(97): Illuminate\Database\Migrations\Migrator->repositoryExists()
#16 /var/www/html/unittesting/vendor/illuminate/database/Console/Migrations/MigrateCommand.php(63): Illuminate\Database\Console\Migrations\MigrateCommand->prepareDatabase()
#17 [internal function]: Illuminate\Database\Console\Migrations\MigrateCommand->handle()
#18 /var/www/html/unittesting/vendor/illuminate/container/BoundMethod.php(29): call_user_func_array(Array, Array)
#19 /var/www/html/unittesting/vendor/illuminate/container/BoundMethod.php(87): Illuminate\Container\BoundMethod::Illuminate\Container\{closure}()
#20 /var/www/html/unittesting/vendor/illuminate/container/BoundMethod.php(31): Illuminate\Container\BoundMethod::callBoundMethod(Object(Laravel\Lumen\Application), Array, Object(Closure))
#21 /var/www/html/unittesting/vendor/illuminate/container/Container.php(564): Illuminate\Container\BoundMethod::call(Object(Laravel\Lumen\Application), Array, Array, NULL)
#22 /var/www/html/unittesting/vendor/illuminate/console/Command.php(184): Illuminate\Container\Container->call(Array)
#23 /var/www/html/unittesting/vendor/symfony/console/Command/Command.php(251): Illuminate\Console\Command->execute(Object(Symfony\Component\Console\Input\ArgvInput), Object(Illuminate\Console\OutputStyle))
#24 /var/www/html/unittesting/vendor/illuminate/console/Command.php(171): Symfony\Component\Console\Command\Command->run(Object(Symfony\Component\Console\Input\ArgvInput), Object(Illuminate\Console\OutputStyle))
#25 /var/www/html/unittesting/vendor/symfony/console/Application.php(886): Illuminate\Console\Command->run(Object(Symfony\Component\Console\Input\ArgvInput), Object(Symfony\Component\Console\Output\ConsoleOutput))
#26 /var/www/html/unittesting/vendor/symfony/console/Application.php(262): Symfony\Component\Console\Application->doRunCommand(Object(Illuminate\Database\Console\Migrations\MigrateCommand), Object(Symfony\Component\Console\Input\ArgvInput), Object(Symfony\Component\Console\Output\ConsoleOutput))
#27 /var/www/html/unittesting/vendor/symfony/console/Application.php(145): Symfony\Component\Console\Application->doRun(Object(Symfony\Component\Console\Input\ArgvInput), Object(Symfony\Component\Console\Output\ConsoleOutput))
#28 /var/www/html/unittesting/vendor/illuminate/console/Application.php(89): Symfony\Component\Console\Application->run(Object(Symfony\Component\Console\Input\ArgvInput), Object(Symfony\Component\Console\Output\ConsoleOutput))
#29 /var/www/html/unittesting/vendor/laravel/lumen-framework/src/Console/Kernel.php(114): Illuminate\Console\Application->run(Object(Symfony\Component\Console\Input\ArgvInput), Object(Symfony\Component\Console\Output\ConsoleOutput))
#30 /var/www/html/unittesting/artisan(35): Laravel\Lumen\Console\Kernel->handle(Object(Symfony\Component\Console\Input\ArgvInput), Object(Symfony\Component\Console\Output\ConsoleOutput))
#31 {main}

Next Illuminate\Database\QueryException: could not find driver (SQL: select * from information_schema.tables where table_schema = unittesting and table_name = migrations) in /var/www/html/unittesting/vendor/illuminate/database/Connection.php:664
Stack trace:
#0 /var/www/html/unittesting/vendor/illuminate/database/Connection.php(624): Illuminate\Database\Connection->runQueryCallback('select * from i...', Array, Object(Closure))
#1 /var/www/html/unittesting/vendor/illuminate/database/Connection.php(333): Illuminate\Database\Connection->run('select * from i...', Array, Object(Closure))
#2 /var/www/html/unittesting/vendor/illuminate/database/Schema/MySqlBuilder.php(18): Illuminate\Database\Connection->select('select * from i...', Array)
#3 /var/www/html/unittesting/vendor/illuminate/database/Migrations/DatabaseMigrationRepository.php(169): Illuminate\Database\Schema\MySqlBuilder->hasTable('migrations')
#4 /var/www/html/unittesting/vendor/illuminate/database/Migrations/Migrator.php(555): Illuminate\Database\Migrations\DatabaseMigrationRepository->repositoryExists()
#5 /var/www/html/unittesting/vendor/illuminate/database/Console/Migrations/MigrateCommand.php(97): Illuminate\Database\Migrations\Migrator->repositoryExists()
#6 /var/www/html/unittesting/vendor/illuminate/database/Console/Migrations/MigrateCommand.php(63): Illuminate\Database\Console\Migrations\MigrateCommand->prepareDatabase()
#7 [internal function]: Illuminate\Database\Console\Migrations\MigrateCommand->handle()
#8 /var/www/html/unittesting/vendor/illuminate/container/BoundMethod.php(29): call_user_func_array(Array, Array)
#9 /var/www/html/unittesting/vendor/illuminate/container/BoundMethod.php(87): Illuminate\Container\BoundMethod::Illuminate\Container\{closure}()
#10 /var/www/html/unittesting/vendor/illuminate/container/BoundMethod.php(31): Illuminate\Container\BoundMethod::callBoundMethod(Object(Laravel\Lumen\Application), Array, Object(Closure))
#11 /var/www/html/unittesting/vendor/illuminate/container/Container.php(564): Illuminate\Container\BoundMethod::call(Object(Laravel\Lumen\Application), Array, Array, NULL)
#12 /var/www/html/unittesting/vendor/illuminate/console/Command.php(184): Illuminate\Container\Container->call(Array)
#13 /var/www/html/unittesting/vendor/symfony/console/Command/Command.php(251): Illuminate\Console\Command->execute(Object(Symfony\Component\Console\Input\ArgvInput), Object(Illuminate\Console\OutputStyle))
#14 /var/www/html/unittesting/vendor/illuminate/console/Command.php(171): Symfony\Component\Console\Command\Command->run(Object(Symfony\Component\Console\Input\ArgvInput), Object(Illuminate\Console\OutputStyle))
#15 /var/www/html/unittesting/vendor/symfony/console/Application.php(886): Illuminate\Console\Command->run(Object(Symfony\Component\Console\Input\ArgvInput), Object(Symfony\Component\Console\Output\ConsoleOutput))
#16 /var/www/html/unittesting/vendor/symfony/console/Application.php(262): Symfony\Component\Console\Application->doRunCommand(Object(Illuminate\Database\Console\Migrations\MigrateCommand), Object(Symfony\Component\Console\Input\ArgvInput), Object(Symfony\Component\Console\Output\ConsoleOutput))
#17 /var/www/html/unittesting/vendor/symfony/console/Application.php(145): Symfony\Component\Console\Application->doRun(Object(Symfony\Component\Console\Input\ArgvInput), Object(Symfony\Component\Console\Output\ConsoleOutput))
#18 /var/www/html/unittesting/vendor/illuminate/console/Application.php(89): Symfony\Component\Console\Application->run(Object(Symfony\Component\Console\Input\ArgvInput), Object(Symfony\Component\Console\Output\ConsoleOutput))
#19 /var/www/html/unittesting/vendor/laravel/lumen-framework/src/Console/Kernel.php(114): Illuminate\Console\Application->run(Object(Symfony\Component\Console\Input\ArgvInput), Object(Symfony\Component\Console\Output\ConsoleOutput))
#20 /var/www/html/unittesting/artisan(35): Laravel\Lumen\Console\Kernel->handle(Object(Symfony\Component\Console\Input\ArgvInput), Object(Symfony\Component\Console\Output\ConsoleOutput))
#21 {main} {"exception":"[object] (Illuminate\\Database\\QueryException(code: 0): could not find driver (SQL: select * from information_schema.tables where table_schema = unittesting and table_name = migrations) at /var/www/html/unittesting/vendor/illuminate/database/Connection.php:664, PDOException(code: 0): could not find driver at /var/www/html/unittesting/vendor/illuminate/database/Connectors/Connector.php:68)
[stacktrace]
#0 /var/www/html/unittesting/vendor/illuminate/database/Connection.php(624): Illuminate\\Database\\Connection->runQueryCallback('select * from i...', Array, Object(Closure))
#1 /var/www/html/unittesting/vendor/illuminate/database/Connection.php(333): Illuminate\\Database\\Connection->run('select * from i...', Array, Object(Closure))
#2 /var/www/html/unittesting/vendor/illuminate/database/Schema/MySqlBuilder.php(18): Illuminate\\Database\\Connection->select('select * from i...', Array)
#3 /var/www/html/unittesting/vendor/illuminate/database/Migrations/DatabaseMigrationRepository.php(169): Illuminate\\Database\\Schema\\MySqlBuilder->hasTable('migrations')
#4 /var/www/html/unittesting/vendor/illuminate/database/Migrations/Migrator.php(555): Illuminate\\Database\\Migrations\\DatabaseMigrationRepository->repositoryExists()
#5 /var/www/html/unittesting/vendor/illuminate/database/Console/Migrations/MigrateCommand.php(97): Illuminate\\Database\\Migrations\\Migrator->repositoryExists()
#6 /var/www/html/unittesting/vendor/illuminate/database/Console/Migrations/MigrateCommand.php(63): Illuminate\\Database\\Console\\Migrations\\MigrateCommand->prepareDatabase()
#7 [internal function]: Illuminate\\Database\\Console\\Migrations\\MigrateCommand->handle()
#8 /var/www/html/unittesting/vendor/illuminate/container/BoundMethod.php(29): call_user_func_array(Array, Array)
#9 /var/www/html/unittesting/vendor/illuminate/container/BoundMethod.php(87): Illuminate\\Container\\BoundMethod::Illuminate\\Container\\{closure}()
#10 /var/www/html/unittesting/vendor/illuminate/container/BoundMethod.php(31): Illuminate\\Container\\BoundMethod::callBoundMethod(Object(Laravel\\Lumen\\Application), Array, Object(Closure))
#11 /var/www/html/unittesting/vendor/illuminate/container/Container.php(564): Illuminate\\Container\\BoundMethod::call(Object(Laravel\\Lumen\\Application), Array, Array, NULL)
#12 /var/www/html/unittesting/vendor/illuminate/console/Command.php(184): Illuminate\\Container\\Container->call(Array)
#13 /var/www/html/unittesting/vendor/symfony/console/Command/Command.php(251): Illuminate\\Console\\Command->execute(Object(Symfony\\Component\\Console\\Input\\ArgvInput), Object(Illuminate\\Console\\OutputStyle))
#14 /var/www/html/unittesting/vendor/illuminate/console/Command.php(171): Symfony\\Component\\Console\\Command\\Command->run(Object(Symfony\\Component\\Console\\Input\\ArgvInput), Object(Illuminate\\Console\\OutputStyle))
#15 /var/www/html/unittesting/vendor/symfony/console/Application.php(886): Illuminate\\Console\\Command->run(Object(Symfony\\Component\\Console\\Input\\ArgvInput), Object(Symfony\\Component\\Console\\Output\\ConsoleOutput))
#16 /var/www/html/unittesting/vendor/symfony/console/Application.php(262): Symfony\\Component\\Console\\Application->doRunCommand(Object(Illuminate\\Database\\Console\\Migrations\\MigrateCommand), Object(Symfony\\Component\\Console\\Input\\ArgvInput), Object(Symfony\\Component\\Console\\Output\\ConsoleOutput))
#17 /var/www/html/unittesting/vendor/symfony/console/Application.php(145): Symfony\\Component\\Console\\Application->doRun(Object(Symfony\\Component\\Console\\Input\\ArgvInput), Object(Symfony\\Component\\Console\\Output\\ConsoleOutput))
#18 /var/www/html/unittesting/vendor/illuminate/console/Application.php(89): Symfony\\Component\\Console\\Application->run(Object(Symfony\\Component\\Console\\Input\\ArgvInput), Object(Symfony\\Component\\Console\\Output\\ConsoleOutput))
#19 /var/www/html/unittesting/vendor/laravel/lumen-framework/src/Console/Kernel.php(114): Illuminate\\Console\\Application->run(Object(Symfony\\Component\\Console\\Input\\ArgvInput), Object(Symfony\\Component\\Console\\Output\\ConsoleOutput))
#20 /var/www/html/unittesting/artisan(35): Laravel\\Lumen\\Console\\Kernel->handle(Object(Symfony\\Component\\Console\\Input\\ArgvInput), Object(Symfony\\Component\\Console\\Output\\ConsoleOutput))
#21 {main}
"} 
[2018-07-23 12:44:25] local.ERROR: PDOException: could not find driver in /var/www/html/unittesting/vendor/illuminate/database/Connectors/Connector.php:68
Stack trace:
#0 /var/www/html/unittesting/vendor/illuminate/database/Connectors/Connector.php(68): PDO->__construct('mysql:host=127....', 'root', 'root', Array)
#1 /var/www/html/unittesting/vendor/illuminate/database/Connectors/Connector.php(44): Illuminate\Database\Connectors\Connector->createPdoConnection('mysql:host=127....', 'root', 'root', Array)
#2 /var/www/html/unittesting/vendor/illuminate/database/Connectors/MySqlConnector.php(24): Illuminate\Database\Connectors\Connector->createConnection('mysql:host=127....', Array, Array)
#3 /var/www/html/unittesting/vendor/illuminate/database/Connectors/ConnectionFactory.php(182): Illuminate\Database\Connectors\MySqlConnector->connect(Array)
#4 [internal function]: Illuminate\Database\Connectors\ConnectionFactory->Illuminate\Database\Connectors\{closure}()
#5 /var/www/html/unittesting/vendor/illuminate/database/Connection.php(915): call_user_func(Object(Closure))
#6 /var/www/html/unittesting/vendor/illuminate/database/Connection.php(940): Illuminate\Database\Connection->getPdo()
#7 /var/www/html/unittesting/vendor/illuminate/database/Connection.php(399): Illuminate\Database\Connection->getReadPdo()
#8 /var/www/html/unittesting/vendor/illuminate/database/Connection.php(325): Illuminate\Database\Connection->getPdoForSelect(true)
#9 /var/www/html/unittesting/vendor/illuminate/database/Connection.php(657): Illuminate\Database\Connection->Illuminate\Database\{closure}('select * from i...', Array)
#10 /var/www/html/unittesting/vendor/illuminate/database/Connection.php(624): Illuminate\Database\Connection->runQueryCallback('select * from i...', Array, Object(Closure))
#11 /var/www/html/unittesting/vendor/illuminate/database/Connection.php(333): Illuminate\Database\Connection->run('select * from i...', Array, Object(Closure))
#12 /var/www/html/unittesting/vendor/illuminate/database/Schema/MySqlBuilder.php(18): Illuminate\Database\Connection->select('select * from i...', Array)
#13 /var/www/html/unittesting/vendor/illuminate/database/Migrations/DatabaseMigrationRepository.php(169): Illuminate\Database\Schema\MySqlBuilder->hasTable('migrations')
#14 /var/www/html/unittesting/vendor/illuminate/database/Migrations/Migrator.php(555): Illuminate\Database\Migrations\DatabaseMigrationRepository->repositoryExists()
#15 /var/www/html/unittesting/vendor/illuminate/database/Console/Migrations/MigrateCommand.php(97): Illuminate\Database\Migrations\Migrator->repositoryExists()
#16 /var/www/html/unittesting/vendor/illuminate/database/Console/Migrations/MigrateCommand.php(63): Illuminate\Database\Console\Migrations\MigrateCommand->prepareDatabase()
#17 [internal function]: Illuminate\Database\Console\Migrations\MigrateCommand->handle()
#18 /var/www/html/unittesting/vendor/illuminate/container/BoundMethod.php(29): call_user_func_array(Array, Array)
#19 /var/www/html/unittesting/vendor/illuminate/container/BoundMethod.php(87): Illuminate\Container\BoundMethod::Illuminate\Container\{closure}()
#20 /var/www/html/unittesting/vendor/illuminate/container/BoundMethod.php(31): Illuminate\Container\BoundMethod::callBoundMethod(Object(Laravel\Lumen\Application), Array, Object(Closure))
#21 /var/www/html/unittesting/vendor/illuminate/container/Container.php(564): Illuminate\Container\BoundMethod::call(Object(Laravel\Lumen\Application), Array, Array, NULL)
#22 /var/www/html/unittesting/vendor/illuminate/console/Command.php(184): Illuminate\Container\Container->call(Array)
#23 /var/www/html/unittesting/vendor/symfony/console/Command/Command.php(251): Illuminate\Console\Command->execute(Object(Symfony\Component\Console\Input\ArgvInput), Object(Illuminate\Console\OutputStyle))
#24 /var/www/html/unittesting/vendor/illuminate/console/Command.php(171): Symfony\Component\Console\Command\Command->run(Object(Symfony\Component\Console\Input\ArgvInput), Object(Illuminate\Console\OutputStyle))
#25 /var/www/html/unittesting/vendor/symfony/console/Application.php(886): Illuminate\Console\Command->run(Object(Symfony\Component\Console\Input\ArgvInput), Object(Symfony\Component\Console\Output\ConsoleOutput))
#26 /var/www/html/unittesting/vendor/symfony/console/Application.php(262): Symfony\Component\Console\Application->doRunCommand(Object(Illuminate\Database\Console\Migrations\MigrateCommand), Object(Symfony\Component\Console\Input\ArgvInput), Object(Symfony\Component\Console\Output\ConsoleOutput))
#27 /var/www/html/unittesting/vendor/symfony/console/Application.php(145): Symfony\Component\Console\Application->doRun(Object(Symfony\Component\Console\Input\ArgvInput), Object(Symfony\Component\Console\Output\ConsoleOutput))
#28 /var/www/html/unittesting/vendor/illuminate/console/Application.php(89): Symfony\Component\Console\Application->run(Object(Symfony\Component\Console\Input\ArgvInput), Object(Symfony\Component\Console\Output\ConsoleOutput))
#29 /var/www/html/unittesting/vendor/laravel/lumen-framework/src/Console/Kernel.php(114): Illuminate\Console\Application->run(Object(Symfony\Component\Console\Input\ArgvInput), Object(Symfony\Component\Console\Output\ConsoleOutput))
#30 /var/www/html/unittesting/artisan(35): Laravel\Lumen\Console\Kernel->handle(Object(Symfony\Component\Console\Input\ArgvInput), Object(Symfony\Component\Console\Output\ConsoleOutput))
#31 {main}

Next Illuminate\Database\QueryException: could not find driver (SQL: select * from information_schema.tables where table_schema = unittesting and table_name = migrations) in /var/www/html/unittesting/vendor/illuminate/database/Connection.php:664
Stack trace:
#0 /var/www/html/unittesting/vendor/illuminate/database/Connection.php(624): Illuminate\Database\Connection->runQueryCallback('select * from i...', Array, Object(Closure))
#1 /var/www/html/unittesting/vendor/illuminate/database/Connection.php(333): Illuminate\Database\Connection->run('select * from i...', Array, Object(Closure))
#2 /var/www/html/unittesting/vendor/illuminate/database/Schema/MySqlBuilder.php(18): Illuminate\Database\Connection->select('select * from i...', Array)
#3 /var/www/html/unittesting/vendor/illuminate/database/Migrations/DatabaseMigrationRepository.php(169): Illuminate\Database\Schema\MySqlBuilder->hasTable('migrations')
#4 /var/www/html/unittesting/vendor/illuminate/database/Migrations/Migrator.php(555): Illuminate\Database\Migrations\DatabaseMigrationRepository->repositoryExists()
#5 /var/www/html/unittesting/vendor/illuminate/database/Console/Migrations/MigrateCommand.php(97): Illuminate\Database\Migrations\Migrator->repositoryExists()
#6 /var/www/html/unittesting/vendor/illuminate/database/Console/Migrations/MigrateCommand.php(63): Illuminate\Database\Console\Migrations\MigrateCommand->prepareDatabase()
#7 [internal function]: Illuminate\Database\Console\Migrations\MigrateCommand->handle()
#8 /var/www/html/unittesting/vendor/illuminate/container/BoundMethod.php(29): call_user_func_array(Array, Array)
#9 /var/www/html/unittesting/vendor/illuminate/container/BoundMethod.php(87): Illuminate\Container\BoundMethod::Illuminate\Container\{closure}()
#10 /var/www/html/unittesting/vendor/illuminate/container/BoundMethod.php(31): Illuminate\Container\BoundMethod::callBoundMethod(Object(Laravel\Lumen\Application), Array, Object(Closure))
#11 /var/www/html/unittesting/vendor/illuminate/container/Container.php(564): Illuminate\Container\BoundMethod::call(Object(Laravel\Lumen\Application), Array, Array, NULL)
#12 /var/www/html/unittesting/vendor/illuminate/console/Command.php(184): Illuminate\Container\Container->call(Array)
#13 /var/www/html/unittesting/vendor/symfony/console/Command/Command.php(251): Illuminate\Console\Command->execute(Object(Symfony\Component\Console\Input\ArgvInput), Object(Illuminate\Console\OutputStyle))
#14 /var/www/html/unittesting/vendor/illuminate/console/Command.php(171): Symfony\Component\Console\Command\Command->run(Object(Symfony\Component\Console\Input\ArgvInput), Object(Illuminate\Console\OutputStyle))
#15 /var/www/html/unittesting/vendor/symfony/console/Application.php(886): Illuminate\Console\Command->run(Object(Symfony\Component\Console\Input\ArgvInput), Object(Symfony\Component\Console\Output\ConsoleOutput))
#16 /var/www/html/unittesting/vendor/symfony/console/Application.php(262): Symfony\Component\Console\Application->doRunCommand(Object(Illuminate\Database\Console\Migrations\MigrateCommand), Object(Symfony\Component\Console\Input\ArgvInput), Object(Symfony\Component\Console\Output\ConsoleOutput))
#17 /var/www/html/unittesting/vendor/symfony/console/Application.php(145): Symfony\Component\Console\Application->doRun(Object(Symfony\Component\Console\Input\ArgvInput), Object(Symfony\Component\Console\Output\ConsoleOutput))
#18 /var/www/html/unittesting/vendor/illuminate/console/Application.php(89): Symfony\Component\Console\Application->run(Object(Symfony\Component\Console\Input\ArgvInput), Object(Symfony\Component\Console\Output\ConsoleOutput))
#19 /var/www/html/unittesting/vendor/laravel/lumen-framework/src/Console/Kernel.php(114): Illuminate\Console\Application->run(Object(Symfony\Component\Console\Input\ArgvInput), Object(Symfony\Component\Console\Output\ConsoleOutput))
#20 /var/www/html/unittesting/artisan(35): Laravel\Lumen\Console\Kernel->handle(Object(Symfony\Component\Console\Input\ArgvInput), Object(Symfony\Component\Console\Output\ConsoleOutput))
#21 {main} {"exception":"[object] (Illuminate\\Database\\QueryException(code: 0): could not find driver (SQL: select * from information_schema.tables where table_schema = unittesting and table_name = migrations) at /var/www/html/unittesting/vendor/illuminate/database/Connection.php:664, PDOException(code: 0): could not find driver at /var/www/html/unittesting/vendor/illuminate/database/Connectors/Connector.php:68)
[stacktrace]
#0 /var/www/html/unittesting/vendor/illuminate/database/Connection.php(624): Illuminate\\Database\\Connection->runQueryCallback('select * from i...', Array, Object(Closure))
#1 /var/www/html/unittesting/vendor/illuminate/database/Connection.php(333): Illuminate\\Database\\Connection->run('select * from i...', Array, Object(Closure))
#2 /var/www/html/unittesting/vendor/illuminate/database/Schema/MySqlBuilder.php(18): Illuminate\\Database\\Connection->select('select * from i...', Array)
#3 /var/www/html/unittesting/vendor/illuminate/database/Migrations/DatabaseMigrationRepository.php(169): Illuminate\\Database\\Schema\\MySqlBuilder->hasTable('migrations')
#4 /var/www/html/unittesting/vendor/illuminate/database/Migrations/Migrator.php(555): Illuminate\\Database\\Migrations\\DatabaseMigrationRepository->repositoryExists()
#5 /var/www/html/unittesting/vendor/illuminate/database/Console/Migrations/MigrateCommand.php(97): Illuminate\\Database\\Migrations\\Migrator->repositoryExists()
#6 /var/www/html/unittesting/vendor/illuminate/database/Console/Migrations/MigrateCommand.php(63): Illuminate\\Database\\Console\\Migrations\\MigrateCommand->prepareDatabase()
#7 [internal function]: Illuminate\\Database\\Console\\Migrations\\MigrateCommand->handle()
#8 /var/www/html/unittesting/vendor/illuminate/container/BoundMethod.php(29): call_user_func_array(Array, Array)
#9 /var/www/html/unittesting/vendor/illuminate/container/BoundMethod.php(87): Illuminate\\Container\\BoundMethod::Illuminate\\Container\\{closure}()
#10 /var/www/html/unittesting/vendor/illuminate/container/BoundMethod.php(31): Illuminate\\Container\\BoundMethod::callBoundMethod(Object(Laravel\\Lumen\\Application), Array, Object(Closure))
#11 /var/www/html/unittesting/vendor/illuminate/container/Container.php(564): Illuminate\\Container\\BoundMethod::call(Object(Laravel\\Lumen\\Application), Array, Array, NULL)
#12 /var/www/html/unittesting/vendor/illuminate/console/Command.php(184): Illuminate\\Container\\Container->call(Array)
#13 /var/www/html/unittesting/vendor/symfony/console/Command/Command.php(251): Illuminate\\Console\\Command->execute(Object(Symfony\\Component\\Console\\Input\\ArgvInput), Object(Illuminate\\Console\\OutputStyle))
#14 /var/www/html/unittesting/vendor/illuminate/console/Command.php(171): Symfony\\Component\\Console\\Command\\Command->run(Object(Symfony\\Component\\Console\\Input\\ArgvInput), Object(Illuminate\\Console\\OutputStyle))
#15 /var/www/html/unittesting/vendor/symfony/console/Application.php(886): Illuminate\\Console\\Command->run(Object(Symfony\\Component\\Console\\Input\\ArgvInput), Object(Symfony\\Component\\Console\\Output\\ConsoleOutput))
#16 /var/www/html/unittesting/vendor/symfony/console/Application.php(262): Symfony\\Component\\Console\\Application->doRunCommand(Object(Illuminate\\Database\\Console\\Migrations\\MigrateCommand), Object(Symfony\\Component\\Console\\Input\\ArgvInput), Object(Symfony\\Component\\Console\\Output\\ConsoleOutput))
#17 /var/www/html/unittesting/vendor/symfony/console/Application.php(145): Symfony\\Component\\Console\\Application->doRun(Object(Symfony\\Component\\Console\\Input\\ArgvInput), Object(Symfony\\Component\\Console\\Output\\ConsoleOutput))
#18 /var/www/html/unittesting/vendor/illuminate/console/Application.php(89): Symfony\\Component\\Console\\Application->run(Object(Symfony\\Component\\Console\\Input\\ArgvInput), Object(Symfony\\Component\\Console\\Output\\ConsoleOutput))
#19 /var/www/html/unittesting/vendor/laravel/lumen-framework/src/Console/Kernel.php(114): Illuminate\\Console\\Application->run(Object(Symfony\\Component\\Console\\Input\\ArgvInput), Object(Symfony\\Component\\Console\\Output\\ConsoleOutput))
#20 /var/www/html/unittesting/artisan(35): Laravel\\Lumen\\Console\\Kernel->handle(Object(Symfony\\Component\\Console\\Input\\ArgvInput), Object(Symfony\\Component\\Console\\Output\\ConsoleOutput))
#21 {main}
"} 
